<?xml version="1.0" encoding="UTF-8"?>
<!-- Generated by org.testng.reporters.JUnitReportReporter -->
<testsuite skipped="0" hostname="Ranjitha-PC" name="testrunners.CurrencyConversionTest" tests="1" failures="0" timestamp="02 Nov 2022 11:23:57 GMT" time="16.223" errors="0">
  <testcase name="feature" time="16.223" classname="testrunners.CurrencyConversionTest"/>
</testsuite> <!-- testrunners.CurrencyConversionTest -->
