<?xml version="1.0" encoding="UTF-8"?>
<!-- Generated by org.testng.reporters.JUnitReportReporter -->
<testsuite skipped="0" hostname="Ranjitha-PC" name="testrunners.ValidateStatusCodeTest" tests="1" failures="0" timestamp="02 Nov 2022 06:43:45 GMT" time="7.023" errors="0">
  <testcase name="feature" time="7.023" classname="testrunners.ValidateStatusCodeTest"/>
</testsuite> <!-- testrunners.ValidateStatusCodeTest -->
